<?xml version="1.0" encoding="UTF-8"?>
<!-- Generated by org.testng.reporters.JUnitReportReporter -->
<testsuite hostname="DESKTOP-PA8JN0G" failures="0" tests="1" name="org.testing.testScripts.TC4_DeleteRequest" time="0.402" errors="0" timestamp="2024-06-11T18:15:40 IST" skipped="0">
  <testcase classname="org.testing.testScripts.TC4_DeleteRequest" name="testCase4" time="0.402"/>
</testsuite> <!-- org.testing.testScripts.TC4_DeleteRequest -->
