<?xml version="1.0" encoding="UTF-8"?>
<!-- Generated by org.testng.reporters.JUnitReportReporter -->
<testsuite hostname="DESKTOP-PA8JN0G" failures="0" tests="1" name="org.testing.testScripts.TC3_GetParticularRequest" time="0.440" errors="0" timestamp="2024-06-11T18:15:40 IST" skipped="0">
  <testcase classname="org.testing.testScripts.TC3_GetParticularRequest" name="testCase3" time="0.440"/>
</testsuite> <!-- org.testing.testScripts.TC3_GetParticularRequest -->
